#
# A fatal error has been detected by the Java Runtime Environment:
#
#  EXCEPTION_ACCESS_VIOLATION (0xc0000005) at pc=0x6d0084d3, pid=37144, tid=37208
#
# JRE version: Java(TM) SE Runtime Environment (8.0_20-b26) (build 1.8.0_20-b26)
# Java VM: Java HotSpot(TM) Client VM (25.20-b23 mixed mode windows-x86 )
# Problematic frame:
# V  [jvm.dll+0x1084d3]
#
# Failed to write core dump. Minidumps are not enabled by default on client versions of Windows
#
# If you would like to submit a bug report, please visit:
#   http://bugreport.sun.com/bugreport/crash.jsp
#

---------------  T H R E A D  ---------------

Current thread (0x14e92800):  JavaThread "JDWP Transport Listener: dt_socket" daemon [_thread_in_vm, id=37208, stack(0x154b0000,0x15500000)]

siginfo: ExceptionCode=0xc0000005, writing address 0x67f84d00

Registers:
EAX=0x14ec4a44, EBX=0x00000009, ECX=0x14ec49a0, EDX=0x14c300d8
ESP=0x154ff5f4, EBP=0x154ff620, ESI=0x00000005, EDI=0x14c30818
EIP=0x6d0084d3, EFLAGS=0x00010206

Top of Stack: (sp=0x154ff5f4)
0x154ff5f4:   026e79e8 04a93310 14e92800 14e92800
0x154ff604:   14e91590 14e8a1a0 14e8a1a8 14e8a294
0x154ff614:   000000ec 154ff880 14c300d8 154ff654
0x154ff624:   6d11323e 14ec49a0 154ff67c 154ff678
0x154ff634:   154ff6dc 00000000 14e6d048 14e92800
0x154ff644:   00000000 00000000 00000000 14e92800
0x154ff654:   154ff680 6d72449d 026e79e8 14e6d048
0x154ff664:   154ff67c 154ff678 154ff69c 154ff6d8 

Instructions: (pc=0x6d0084d3)
0x6d0084b3:   00 00 00 8b 8f e4 00 00 00 8b 44 b2 04 8b 4c b1
0x6d0084c3:   04 89 45 fc e8 54 77 f5 ff 8b 4d 08 8b 55 fc 46
0x6d0084d3:   89 04 91 3b f3 7c d6 eb 1e 85 db 7e 1a 8b 87 e4
0x6d0084e3:   00 00 00 8b 4c b0 04 e8 31 77 f5 ff 8b 4d 08 89 


Register to memory mapping:

EAX=0x14ec4a44 is an unknown value
EBX=0x00000009 is an unknown value
ECX=0x14ec49a0 is an unknown value
EDX=0x14c300d8 is pointing into metadata
ESP=0x154ff5f4 is pointing into the stack for thread: 0x14e92800
EBP=0x154ff620 is pointing into the stack for thread: 0x14e92800
ESI=0x00000005 is an unknown value
EDI=0x14c30818 is pointing into metadata


Stack: [0x154b0000,0x15500000],  sp=0x154ff5f4,  free space=317k
Native frames: (J=compiled Java code, j=interpreted, Vv=VM code, C=native code)
V  [jvm.dll+0x1084d3]
V  [jvm.dll+0x21323e]
C  [jdwp.dll+0x449d]
C  [jdwp.dll+0x451e]
C  0x692f6570


---------------  P R O C E S S  ---------------

Java Threads: ( => current thread )
  0x14ebbc00 JavaThread "Service Thread" daemon [_thread_blocked, id=37240, stack(0x156f0000,0x15740000)]
  0x14ea7c00 JavaThread "C1 CompilerThread0" daemon [_thread_blocked, id=37236, stack(0x15660000,0x156b0000)]
  0x14e99000 JavaThread "JDWP Command Reader" daemon [_thread_in_native, id=37224, stack(0x155d0000,0x15620000)]
  0x14e94000 JavaThread "JDWP Event Helper Thread" daemon [_thread_blocked, id=37216, stack(0x15540000,0x15590000)]
=>0x14e92800 JavaThread "JDWP Transport Listener: dt_socket" daemon [_thread_in_vm, id=37208, stack(0x154b0000,0x15500000)]
  0x14e83c00 JavaThread "Attach Listener" daemon [_thread_blocked, id=37200, stack(0x150f0000,0x15140000)]
  0x14e8e400 JavaThread "Signal Dispatcher" daemon [_thread_blocked, id=37196, stack(0x15060000,0x150b0000)]
  0x14e65800 JavaThread "Finalizer" daemon [_thread_blocked, id=37192, stack(0x04940000,0x04990000)]
  0x0289e400 JavaThread "Reference Handler" daemon [_thread_blocked, id=37188, stack(0x048f0000,0x04940000)]
  0x026ed000 JavaThread "main" [_thread_blocked, id=37172, stack(0x00d90000,0x00de0000)]

Other Threads:
  0x0289bc00 VMThread [stack: 0x048a0000,0x048f0000] [id=37184]
  0x14ec5400 WatcherThread [stack: 0x15780000,0x157d0000] [id=37244]

VM state:not at safepoint (normal execution)

VM Mutex/Monitor currently owned by a thread: None

Heap:
 def new generation   total 4928K, used 618K [0x04a00000, 0x04f50000, 0x09f50000)
  eden space 4416K,  14% used [0x04a00000, 0x04a9ab18, 0x04e50000)
  from space 512K,   0% used [0x04e50000, 0x04e50000, 0x04ed0000)
  to   space 512K,   0% used [0x04ed0000, 0x04ed0000, 0x04f50000)
 tenured generation   total 10944K, used 0K [0x09f50000, 0x0aa00000, 0x14a00000)
   the space 10944K,   0% used [0x09f50000, 0x09f50000, 0x09f50200, 0x0aa00000)
 Metaspace       used 1629K, capacity 2344K, committed 2368K, reserved 4480K

Card table byte_map: [0x02610000,0x026a0000] byte_map_base: 0x025eb000

Polling page: 0x00c90000

CodeCache: size=32768Kb used=663Kb max_used=663Kb free=32104Kb
 bounds [0x028a0000, 0x02948000, 0x048a0000]
 total_blobs=139 nmethods=12 adapters=68
 compilation: enabled

Compilation events (10 events):
Event: 0.104 Thread 0x14ea7c00    8             java.lang.CharacterDataLatin1::getProperties (11 bytes)
Event: 0.104 Thread 0x14ea7c00 nmethod 8 0x02945108 code [0x02945200, 0x029452b0]
Event: 0.104 Thread 0x14ea7c00    9             java.lang.Character::toLowerCase (9 bytes)
Event: 0.104 Thread 0x14ea7c00 nmethod 9 0x02945388 code [0x02945490, 0x02945538]
Event: 0.104 Thread 0x14ea7c00   10             java.lang.CharacterDataLatin1::toLowerCase (39 bytes)
Event: 0.104 Thread 0x14ea7c00 nmethod 10 0x029455c8 code [0x029456c0, 0x029457a0]
Event: 0.104 Thread 0x14ea7c00   11             java.lang.AbstractStringBuilder::ensureCapacityInternal (16 bytes)
Event: 0.104 Thread 0x14ea7c00 nmethod 11 0x02945888 code [0x02945990, 0x02945a4c]
Event: 0.104 Thread 0x14ea7c00   12             java.lang.AbstractStringBuilder::append (29 bytes)
Event: 0.104 Thread 0x14ea7c00 nmethod 12 0x02945ac8 code [0x02945bd0, 0x02945ccc]

GC Heap History (0 events):
No events

Deoptimization events (0 events):
No events

Internal exceptions (3 events):
Event: 0.018 Thread 0x026ed000 Exception <a 'java/lang/NoSuchMethodError': Method sun.misc.Unsafe.defineClass(Ljava/lang/String;[BII)Ljava/lang/Class; name or signature does not match> (0x04a0b880) thrown at [D:\re\workspace\8-2-build-windows-i586-cygwin\jdk8u20\1074\hotspot\src\share\vsüðŠ’?
Event: 0.018 Thread 0x026ed000 Exception <a 'java/lang/NoSuchMethodError': Method sun.misc.Unsafe.prefetchRead(Ljava/lang/Object;J)V name or signature does not match> (0x04a0bb00) thrown at [D:\re\workspace\8-2-build-windows-i586-cygwin\jdk8u20\1074\hotspot\src\share\vm\prims\jni.cpp, lƒœ~l4›º?
Event: 0.104 Thread 0x026ed000 Exception <a 'java/security/PrivilegedActionException'> (0x04a8d230) thrown at [D:\re\workspace\8-2-build-windows-i586-cygwin\jdk8u20\1074\hotspot\src\share\vm\prims\jvm.cpp, line 1275]

Events (10 events):
Event: 1922.146 Executing VM operation: RedefineClasses
Event: 1922.147 Executing VM operation: RedefineClasses done
Event: 1922.148 Executing VM operation: ChangeBreakpoints
Event: 1922.148 Executing VM operation: ChangeBreakpoints done
Event: 1922.150 Executing VM operation: ChangeBreakpoints
Event: 1922.150 Executing VM operation: ChangeBreakpoints done
Event: 4718.241 Executing VM operation: ChangeBreakpoints
Event: 4718.241 Executing VM operation: ChangeBreakpoints done
Event: 4718.266 Executing VM operation: RedefineClasses
Event: 4718.266 Executing VM operation: RedefineClasses done


Dynamic libraries:
0x009d0000 - 0x00a00000 	C:\Program Files (x86)\Java\jre1.8.0_20\bin\javaw.exe
0x77d10000 - 0x77e78000 	C:\Windows\SYSTEM32\ntdll.dll
0x774c0000 - 0x77600000 	C:\Windows\SYSTEM32\KERNEL32.DLL
0x77340000 - 0x7740f000 	C:\Windows\SYSTEM32\KERNELBASE.dll
0x6f0c0000 - 0x6f159000 	C:\Windows\system32\apphelp.dll
0x58a10000 - 0x58c69000 	C:\Windows\AppPatch\AcGenral.DLL
0x77af0000 - 0x77bae000 	C:\Windows\SYSTEM32\msvcrt.dll
0x77a20000 - 0x77a5e000 	C:\Windows\SYSTEM32\sechost.dll
0x75730000 - 0x7574d000 	C:\Windows\SYSTEM32\SspiCli.dll
0x77000000 - 0x77041000 	C:\Windows\SYSTEM32\SHLWAPI.dll
0x72cd0000 - 0x72dab000 	C:\Windows\SYSTEM32\UxTheme.dll
0x75c80000 - 0x75dcf000 	C:\Windows\SYSTEM32\USER32.dll
0x778f0000 - 0x779f7000 	C:\Windows\SYSTEM32\GDI32.dll
0x74ea0000 - 0x74ec0000 	C:\Windows\SYSTEM32\WINMM.dll
0x58d20000 - 0x58d32000 	C:\Windows\SYSTEM32\samcli.dll
0x77050000 - 0x7715c000 	C:\Windows\SYSTEM32\ole32.dll
0x77160000 - 0x771e7000 	C:\Windows\SYSTEM32\OLEAUT32.dll
0x6e270000 - 0x6e285000 	C:\Windows\SYSTEM32\MSACM32.dll
0x756b0000 - 0x756b8000 	C:\Windows\SYSTEM32\VERSION.dll
0x75e30000 - 0x76ff1000 	C:\Windows\SYSTEM32\SHELL32.dll
0x73b40000 - 0x73b59000 	C:\Windows\SYSTEM32\USERENV.dll
0x6fa60000 - 0x6fa78000 	C:\Windows\SYSTEM32\dwmapi.dll
0x711a0000 - 0x712cc000 	C:\Windows\SYSTEM32\urlmon.dll
0x759c0000 - 0x75a38000 	C:\Windows\SYSTEM32\ADVAPI32.dll
0x75650000 - 0x756ae000 	C:\Windows\SYSTEM32\WINSPOOL.DRV
0x6f510000 - 0x6f524000 	C:\Windows\SYSTEM32\MPR.dll
0x77410000 - 0x774c0000 	C:\Windows\SYSTEM32\RPCRT4.dll
0x75720000 - 0x75729000 	C:\Windows\SYSTEM32\CRYPTBASE.dll
0x77600000 - 0x7774e000 	C:\Windows\SYSTEM32\combase.dll
0x73c40000 - 0x73c60000 	C:\Windows\SYSTEM32\WINMMBASE.dll
0x73bb0000 - 0x73bbe000 	C:\Windows\SYSTEM32\profapi.dll
0x731b0000 - 0x733cb000 	C:\Windows\SYSTEM32\iertutil.dll
0x737e0000 - 0x739a2000 	C:\Windows\SYSTEM32\WININET.dll
0x756c0000 - 0x75712000 	C:\Windows\SYSTEM32\bcryptPrimitives.dll
0x77ab0000 - 0x77aea000 	C:\Windows\SYSTEM32\cfgmgr32.dll
0x75630000 - 0x7564f000 	C:\Windows\SYSTEM32\DEVOBJ.dll
0x73bc0000 - 0x73c36000 	C:\Windows\SYSTEM32\SHCORE.DLL
0x75930000 - 0x75955000 	C:\Windows\system32\IMM32.DLL
0x77750000 - 0x77847000 	C:\Windows\SYSTEM32\MSCTF.dll
0x733e0000 - 0x735c6000 	C:\Windows\WinSxS\x86_microsoft.windows.common-controls_6595b64144ccf1df_6.0.9600.17031_none_a9efdb8b01377ea7\COMCTL32.dll
0x78310000 - 0x783cf000 	C:\Program Files (x86)\Java\jre1.8.0_20\bin\msvcr100.dll
0x6cf00000 - 0x6d2a2000 	C:\Program Files (x86)\Java\jre1.8.0_20\bin\client\jvm.dll
0x73b30000 - 0x73b38000 	C:\Windows\SYSTEM32\WSOCK32.dll
0x77a60000 - 0x77a66000 	C:\Windows\SYSTEM32\PSAPI.DLL
0x75dd0000 - 0x75e1d000 	C:\Windows\SYSTEM32\WS2_32.dll
0x75960000 - 0x75967000 	C:\Windows\SYSTEM32\NSI.dll
0x6e2a0000 - 0x6e2ac000 	C:\Program Files (x86)\Java\jre1.8.0_20\bin\verify.dll
0x6ce30000 - 0x6ce51000 	C:\Program Files (x86)\Java\jre1.8.0_20\bin\java.dll
0x6d720000 - 0x6d749000 	C:\Program Files (x86)\Java\jre1.8.0_20\bin\jdwp.dll
0x6eb90000 - 0x6eb97000 	C:\Program Files (x86)\Java\jre1.8.0_20\bin\npt.dll
0x6ec90000 - 0x6eca3000 	C:\Program Files (x86)\Java\jre1.8.0_20\bin\zip.dll
0x6d650000 - 0x6d658000 	C:\Program Files (x86)\Java\jre1.8.0_20\bin\dt_socket.dll
0x6f610000 - 0x6f620000 	C:\Windows\system32\napinsp.dll
0x6f5f0000 - 0x6f604000 	C:\Windows\system32\pnrpnsp.dll
0x6f5d0000 - 0x6f5e2000 	C:\Windows\system32\NLAapi.dll
0x73ab0000 - 0x73af5000 	C:\Windows\System32\mswsock.dll
0x701c0000 - 0x7023c000 	C:\Windows\SYSTEM32\DNSAPI.dll
0x6f5c0000 - 0x6f5c9000 	C:\Windows\System32\winrnr.dll
0x6f5b0000 - 0x6f5bf000 	C:\Windows\system32\wshbth.dll
0x70190000 - 0x701b1000 	C:\Program Files (x86)\Bonjour\mdnsNSP.dll
0x73190000 - 0x731ae000 	C:\Windows\SYSTEM32\Iphlpapi.DLL
0x72ff0000 - 0x72ff8000 	C:\Windows\SYSTEM32\WINNSI.DLL
0x70130000 - 0x70174000 	C:\Windows\System32\fwpuclnt.dll
0x70180000 - 0x70187000 	C:\Windows\System32\rasadhlp.dll
0x6ee00000 - 0x6ef48000 	C:\Windows\SYSTEM32\dbghelp.dll

VM Arguments:
jvm_args: -agentlib:jdwp=transport=dt_socket,suspend=y,address=localhost:20926 -Dfile.encoding=Cp1252 
java_command: edu.sdstate.eastweb.prototype.indices.TestMain
java_class_path (initial): C:\Users\sufi\git\eastweb\bin;C:\Users\sufi\git\eastweb\lib\swt\swt.jar;C:\Users\sufi\git\eastweb\lib\htmlparser\htmlparser-1.3.1.jar;C:\Users\sufi\git\eastweb\lib\commons-io\commons-io-2.0.1.jar;C:\Users\sufi\git\eastweb\lib\commons-net\commons-net-3.0.jar;C:\Users\sufi\git\eastweb\lib\commons-compress\commons-compress-1.1.jar;C:\Program Files (x86)\eclipse\plugins\org.junit_4.11.0.v201303080030\junit.jar;C:\Program Files (x86)\eclipse\plugins\org.hamcrest.core_1.3.0.v201303031735.jar;C:\Users\sufi\git\eastweb\lib\gdal\gdal.jar;C:\Users\sufi\git\eastweb\lib\jface\org.eclipse.core.commands_3.6.0.I20100512-1500.jar;C:\Users\sufi\git\eastweb\lib\jface\org.eclipse.equinox.common_3.6.0.v20100503.jar;C:\Users\sufi\git\eastweb\lib\jface\org.eclipse.jface_3.6.2.M20110210-1200.jar;C:\Users\sufi\git\eastweb\lib\jface\org.eclipse.osgi_3.6.2.R36x_v20110210.jar;C:\Users\sufi\git\eastweb\lib\jface\org.eclipse.ui.workbench_3.6.2.M20110210-1200.jar;C:\Users\sufi\git\eastweb\lib\postgresql-jdbc\postgresql-9.0-801.jdbc4.jar
Launcher Type: SUN_STANDARD

Environment Variables:
PATH=C:/Program Files (x86)/Java/jre1.8.0_20/bin/client;C:/Program Files (x86)/Java/jre1.8.0_20/bin;C:/Program Files (x86)/Java/jre1.8.0_20/lib/i386;C:\ProgramData\Oracle\Java\javapath;C:\Program Files (x86)\NVIDIA Corporation\PhysX\Common;C:\Program Files\Broadcom\Broadcom 802.11 Network Adapter;;C:\Program Files (x86)\Intel\iCLS Client\;C:\Program Files\Intel\iCLS Client\;C:\Windows\system32;C:\Windows;C:\Windows\System32\Wbem;C:\Windows\System32\WindowsPowerShell\v1.0\;C:\Program Files\WIDCOMM\Bluetooth Software\;C:\Program Files\WIDCOMM\Bluetooth Software\syswow64;C:\Program Files (x86)\Windows Kits\8.1\Windows Performance Toolkit\;C:\Program Files\Microsoft SQL Server\110\Tools\Binn\;C:\Program Files\Microsoft\Web Platform Installer\;C:\Program Files\Microsoft SQL Server\120\Tools\Binn\;C:\Program Files (x86)\QuickTime\QTSystem\;C:\Program Files (x86)\Microsoft SQL Server\110\Tools\Binn\;C:\Program Files\Microsoft SQL Server\110\DTS\Binn\;C:\Program Files (x86)\Microsoft SQL Server\110\Tools\Binn\ManagementStudio\;C:\Program Files (x86)\Microsoft Visual Studio 10.0\Common7\IDE\PrivateAssemblies\;C:\Program Files (x86)\Microsoft SQL Server\110\DTS\Binn\;C:\Program Files (x86)\Microsoft SDKs\TypeScript\1.0\;C:\Program Files (x86)\eclipse;
USERNAME=sufi
OS=Windows_NT
PROCESSOR_IDENTIFIER=Intel64 Family 6 Model 60 Stepping 3, GenuineIntel



---------------  S Y S T E M  ---------------

OS: Windows 8.1 , 64 bit Build 9600 

CPU:total 8 (4 cores per cpu, 2 threads per core) family 6 model 60 stepping 3, cmov, cx8, fxsr, mmx, sse, sse2, sse3, ssse3, sse4.1, sse4.2, popcnt, avx, avx2, aes, clmul, erms, lzcnt, ht, tsc, tscinvbit, bmi1, bmi2

Memory: 4k page, physical 16713240k(12204648k free), swap 19203608k(12555932k free)

vm_info: Java HotSpot(TM) Client VM (25.20-b23) for windows-x86 JRE (1.8.0_20-b26), built on Jul 30 2014 18:14:41 by "java_re" with MS VC++ 10.0 (VS2010)

time: Sat Sep 13 17:20:17 2014
elapsed time: 4718 seconds (0d 1h 18m 38s)

